<?xml version="1.0" encoding="UTF-8"?>
<testng-results ignored="0" total="1" passed="1" failed="0" skipped="0">
  <reporter-output>
  </reporter-output>
  <suite started-at="2025-05-05T21:14:38 IST" name="Default suite" finished-at="2025-05-05T21:14:40 IST" duration-ms="1781">
    <groups>
    </groups>
    <test started-at="2025-05-05T21:14:38 IST" name="Default test" finished-at="2025-05-05T21:14:40 IST" duration-ms="1781">
      <class name="com.api.tests.LoginAPITest3">
        <test-method signature="loginTest()[pri:0, instance:com.api.tests.LoginAPITest3@1bd4fdd]" started-at="2025-05-05T21:14:38 IST" name="loginTest" description="Verify if Login API is working....." finished-at="2025-05-05T21:14:40 IST" duration-ms="1734" status="PASS">
          <reporter-output>
          </reporter-output>
        </test-method> <!-- loginTest -->
      </class> <!-- com.api.tests.LoginAPITest3 -->
    </test> <!-- Default test -->
  </suite> <!-- Default suite -->
</testng-results>
